#
# A fatal error has been detected by the Java Runtime Environment:
#
#  EXCEPTION_ACCESS_VIOLATION (0xc0000005) at pc=0x000000001b720f28, pid=10824, tid=0x0000000000001e80
#
# JRE version: Java(TM) SE Runtime Environment (8.0_102-b14) (build 1.8.0_102-b14)
# Java VM: Java HotSpot(TM) 64-Bit Server VM (25.102-b14 mixed mode windows-amd64 compressed oops)
# Problematic frame:
# C  0x000000001b720f28
#
# Failed to write core dump. Minidumps are not enabled by default on client versions of Windows
#
# If you would like to submit a bug report, please visit:
#   http://bugreport.java.com/bugreport/crash.jsp
#

---------------  T H R E A D  ---------------

Current thread (0x0000000002920800):  JavaThread "main" [_thread_in_Java, id=7808, stack(0x0000000002720000,0x0000000002820000)]

siginfo: ExceptionCode=0xc0000005, ExceptionInformation=0x0000000000000008 0x000000001b720f28

Registers:
RAX=0x000000001b723158, RBX=0x000000001b723158, RCX=0x000000076ac55158, RDX=0x000000076ac55158
RSP=0x000000000281e568, RBP=0x000000000281e5e0, RSI=0x00000000f80002da, RDI=0x000000000000000a
R8 =0x000000076ac55130, R9 =0x0000000000000000, R10=0x000000005149c0c0, R11=0x000000001b720f28
R12=0x0000000000000000, R13=0x000000000281e578, R14=0x000000000281e660, R15=0x0000000002920800
RIP=0x000000001b720f28, EFLAGS=0x0000000000010202

Top of Stack: (sp=0x000000000281e568)
0x000000000281e568:   0000000002a2835d 0000000002a2835d
0x000000000281e578:   000000000000000a 0000000000000000
0x000000000281e588:   000000076ac55130 000000076ac55158
0x000000000281e598:   000000076ac55158 000000000281e5a0
0x000000000281e5a8:   000000001b72688b 000000000281e660
0x000000000281e5b8:   000000001b7cdb18 0000000000000000
0x000000000281e5c8:   000000001b7268d0 000000000281e578
0x000000000281e5d8:   000000000281e658 000000000281e6a8
0x000000000281e5e8:   0000000002a280e0 0000000000000000
0x000000000281e5f8:   0000000000000000 000000000000000a
0x000000000281e608:   0000000000000001 0000000000000030
0x000000000281e618:   0000000000000030 0000000000000000
0x000000000281e628:   0000000000000000 000000076ac39d78
0x000000000281e638:   0000000000000000 000000076ac55130
0x000000000281e648:   000000000000000a 0000000000000000
0x000000000281e658:   000000076ac3c140 000000076ac09918 

Instructions: (pc=0x000000001b720f28)
0x000000001b720f08:   0a 0a 0a 0a 0a 0a 0a 0a 0a 0a 0a 0a 0a 0a 0b 0b
0x000000001b720f18:   0b 0b 0b 0b 0b 0b 01 01 00 00 00 00 00 00 00 00
0x000000001b720f28:   f8 19 2a 51 00 00 00 00 00 0d 72 1b 00 00 00 00
0x000000001b720f38:   18 db 7c 1b 00 00 00 00 d0 16 00 c0 07 00 00 00 


Register to memory mapping:

RAX={method} {0x000000001b723160} '<init>' '([CII)V' in 'java/lang/String'
RBX={method} {0x000000001b723160} '<init>' '([CII)V' in 'java/lang/String'
RCX=0x000000076ac55158 is an oop
java.lang.String 
 - klass: 'java/lang/String'
RDX=0x000000076ac55158 is an oop
java.lang.String 
 - klass: 'java/lang/String'
RSP=0x000000000281e568 is pointing into the stack for thread: 0x0000000002920800
RBP=0x000000000281e5e0 is pointing into the stack for thread: 0x0000000002920800
RSI=0x00000000f80002da is an unknown value
RDI=0x000000000000000a is an unknown value
R8 =0x000000076ac55130 is an oop
[C 
 - klass: {type array char}
 - length: 10
R9 =0x0000000000000000 is an unknown value
R10=0x000000005149c0c0 is an unknown value
R11=0x000000001b720f28 is pointing into metadata
R12=0x0000000000000000 is an unknown value
R13=0x000000000281e578 is pointing into the stack for thread: 0x0000000002920800
R14=0x000000000281e660 is pointing into the stack for thread: 0x0000000002920800
R15=0x0000000002920800 is a thread


Stack: [0x0000000002720000,0x0000000002820000],  sp=0x000000000281e568,  free space=1017k
Native frames: (J=compiled Java code, j=interpreted, Vv=VM code, C=native code)
C  0x000000001b720f28


---------------  P R O C E S S  ---------------

Java Threads: ( => current thread )
  0x000000001d946000 JavaThread "Service Thread" daemon [_thread_blocked, id=5064, stack(0x000000001dd40000,0x000000001de40000)]
  0x000000001c11e000 JavaThread "C1 CompilerThread2" daemon [_thread_blocked, id=8732, stack(0x000000001d840000,0x000000001d940000)]
  0x000000001c11b000 JavaThread "C2 CompilerThread1" daemon [_thread_blocked, id=8668, stack(0x000000001d740000,0x000000001d840000)]
  0x000000001c0c7800 JavaThread "C2 CompilerThread0" daemon [_thread_blocked, id=8940, stack(0x000000001d640000,0x000000001d740000)]
  0x000000001c0c6800 JavaThread "Attach Listener" daemon [_thread_blocked, id=5872, stack(0x000000001d540000,0x000000001d640000)]
  0x000000001c0c5000 JavaThread "Signal Dispatcher" daemon [_thread_blocked, id=10296, stack(0x000000001d440000,0x000000001d540000)]
  0x000000001c0a8800 JavaThread "Finalizer" daemon [_thread_blocked, id=7524, stack(0x000000001d340000,0x000000001d440000)]
  0x0000000002a11000 JavaThread "Reference Handler" daemon [_thread_blocked, id=10616, stack(0x000000001d240000,0x000000001d340000)]
=>0x0000000002920800 JavaThread "main" [_thread_in_Java, id=7808, stack(0x0000000002720000,0x0000000002820000)]

Other Threads:
  0x000000001c086800 VMThread [stack: 0x000000001d140000,0x000000001d240000] [id=3520]

VM state:not at safepoint (normal execution)

VM Mutex/Monitor currently owned by a thread: None

Heap:
 PSYoungGen      total 76288K, used 2621K [0x000000076ac00000, 0x0000000770100000, 0x00000007c0000000)
  eden space 65536K, 4% used [0x000000076ac00000,0x000000076ae8f5e8,0x000000076ec00000)
  from space 10752K, 0% used [0x000000076f680000,0x000000076f680000,0x0000000770100000)
  to   space 10752K, 0% used [0x000000076ec00000,0x000000076ec00000,0x000000076f680000)
 ParOldGen       total 175104K, used 0K [0x00000006c0400000, 0x00000006caf00000, 0x000000076ac00000)
  object space 175104K, 0% used [0x00000006c0400000,0x00000006c0400000,0x00000006caf00000)
 Metaspace       used 2185K, capacity 4480K, committed 4480K, reserved 1056768K
  class space    used 238K, capacity 384K, committed 384K, reserved 1048576K

Card table byte_map: [0x0000000011de0000,0x00000000125e0000] byte_map_base: 0x000000000e7de000

Marking Bits: (ParMarkBitMap*) 0x00000000514ba6c0
 Begin Bits: [0x0000000012f40000, 0x0000000016f30000)
 End Bits:   [0x0000000016f30000, 0x000000001af20000)

Polling page: 0x0000000000f60000

CodeCache: size=245760Kb used=1066Kb max_used=1066Kb free=244693Kb
 bounds [0x0000000002a20000, 0x0000000002c90000, 0x0000000011a20000]
 total_blobs=223 nmethods=3 adapters=134
 compilation: enabled

Compilation events (6 events):
Event: 0.075 Thread 0x000000001c11e000    1       3       java.lang.String::hashCode (55 bytes)
Event: 0.075 Thread 0x000000001c11e000 nmethod 1 0x0000000002b28890 code [0x0000000002b28a00, 0x0000000002b28c90]
Event: 0.075 Thread 0x000000001c11e000    2       3       java.lang.String::<init> (82 bytes)
Event: 0.076 Thread 0x000000001c11e000 nmethod 2 0x0000000002b28d90 code [0x0000000002b28f60, 0x0000000002b29458]
Event: 0.076 Thread 0x000000001c11e000    3       3       java.util.Arrays::copyOfRange (63 bytes)
Event: 0.076 Thread 0x000000001c11e000 nmethod 3 0x0000000002b296d0 code [0x0000000002b298e0, 0x0000000002b2a418]

GC Heap History (0 events):
No events

Deoptimization events (0 events):
No events

Internal exceptions (2 events):
Event: 0.029 Thread 0x0000000002920800 Exception <a 'java/lang/NoSuchMethodError': Method sun.misc.Unsafe.defineClass(Ljava/lang/String;[BII)Ljava/lang/Class; name or signature does not match> (0x000000076ac07c78) thrown at [C:\re\workspace\8-2-build-windows-amd64-cygwin\jdk8u102\7268\hotspot\sèmjéû?
Event: 0.029 Thread 0x0000000002920800 Exception <a 'java/lang/NoSuchMethodError': Method sun.misc.Unsafe.prefetchRead(Ljava/lang/Object;J)V name or signature does not match> (0x000000076ac07f60) thrown at [C:\re\workspace\8-2-build-windows-amd64-cygwin\jdk8u102\7268\hotspot\src\share\vm\prims\

Events (10 events):
Event: 0.075 loading class sun/misc/PostVMInitHook
Event: 0.075 loading class sun/misc/PostVMInitHook done
Event: 0.075 loading class sun/usagetracker/UsageTrackerClient
Event: 0.075 loading class sun/usagetracker/UsageTrackerClient done
Event: 0.075 loading class java/util/concurrent/atomic/AtomicBoolean
Event: 0.075 loading class java/util/concurrent/atomic/AtomicBoolean done
Event: 0.075 loading class sun/usagetracker/UsageTrackerClient$1
Event: 0.075 loading class sun/usagetracker/UsageTrackerClient$1 done
Event: 0.075 loading class sun/usagetracker/UsageTrackerClient$4
Event: 0.075 loading class sun/usagetracker/UsageTrackerClient$4 done


Dynamic libraries:
0x00007ff634710000 - 0x00007ff634747000 	C:\Program Files\Java\jdk1.8.0_102\jre\bin\java.exe
0x00007ff9576a0000 - 0x00007ff957871000 	C:\Windows\SYSTEM32\ntdll.dll
0x00007ff955af0000 - 0x00007ff955b9b000 	C:\Windows\System32\KERNEL32.DLL
0x00007ff953da0000 - 0x00007ff953fbd000 	C:\Windows\System32\KERNELBASE.dll
0x00007ff9554b0000 - 0x00007ff955552000 	C:\Windows\System32\ADVAPI32.dll
0x00007ff9552b0000 - 0x00007ff95534e000 	C:\Windows\System32\msvcrt.dll
0x00007ff9556c0000 - 0x00007ff955719000 	C:\Windows\System32\sechost.dll
0x00007ff957570000 - 0x00007ff957691000 	C:\Windows\System32\RPCRT4.dll
0x00007ff954ca0000 - 0x00007ff954e05000 	C:\Windows\System32\USER32.dll
0x00007ff953fc0000 - 0x00007ff953fde000 	C:\Windows\System32\win32u.dll
0x00007ff955270000 - 0x00007ff9552a4000 	C:\Windows\System32\GDI32.dll
0x00007ff953fe0000 - 0x00007ff954162000 	C:\Windows\System32\gdi32full.dll
0x00007ff941aa0000 - 0x00007ff941d1a000 	C:\Windows\WinSxS\amd64_microsoft.windows.common-controls_6595b64144ccf1df_6.0.14393.351_none_4213128bc687e6d3\COMCTL32.dll
0x00007ff955c60000 - 0x00007ff955f27000 	C:\Windows\System32\combase.dll
0x00007ff953c40000 - 0x00007ff953d35000 	C:\Windows\System32\ucrtbase.dll
0x00007ff954950000 - 0x00007ff9549ba000 	C:\Windows\System32\bcryptPrimitives.dll
0x00007ff954e10000 - 0x00007ff954e3e000 	C:\Windows\System32\IMM32.DLL
0x0000000051780000 - 0x0000000051851000 	C:\Program Files\Java\jdk1.8.0_102\jre\bin\msvcr100.dll
0x0000000050ca0000 - 0x000000005153a000 	C:\Program Files\Java\jdk1.8.0_102\jre\bin\server\jvm.dll
0x00007ff955ae0000 - 0x00007ff955ae8000 	C:\Windows\System32\PSAPI.DLL
0x00007ff94c4c0000 - 0x00007ff94c4c9000 	C:\Windows\SYSTEM32\WSOCK32.dll
0x00007ff954c30000 - 0x00007ff954c9a000 	C:\Windows\System32\WS2_32.dll
0x00007ff951940000 - 0x00007ff951963000 	C:\Windows\SYSTEM32\WINMM.dll
0x00007ff950580000 - 0x00007ff95058a000 	C:\Windows\SYSTEM32\VERSION.dll
0x00007ff9517d0000 - 0x00007ff9517fb000 	C:\Windows\SYSTEM32\WINMMBASE.dll
0x00007ff954220000 - 0x00007ff954262000 	C:\Windows\System32\cfgmgr32.dll
0x0000000051730000 - 0x000000005173f000 	C:\Program Files\Java\jdk1.8.0_102\jre\bin\verify.dll
0x0000000051700000 - 0x0000000051729000 	C:\Program Files\Java\jdk1.8.0_102\jre\bin\java.dll
0x00000000516e0000 - 0x00000000516f6000 	C:\Program Files\Java\jdk1.8.0_102\jre\bin\zip.dll
0x00007ff956060000 - 0x00007ff957569000 	C:\Windows\System32\SHELL32.dll
0x00007ff954270000 - 0x00007ff95494a000 	C:\Windows\System32\windows.storage.dll
0x00007ff953b40000 - 0x00007ff953b8c000 	C:\Windows\System32\powrprof.dll
0x00007ff955c00000 - 0x00007ff955c52000 	C:\Windows\System32\shlwapi.dll
0x00007ff953b30000 - 0x00007ff953b3f000 	C:\Windows\System32\kernel.appcore.dll
0x00007ff953b90000 - 0x00007ff953c39000 	C:\Windows\System32\shcore.dll
0x00007ff953b00000 - 0x00007ff953b14000 	C:\Windows\System32\profapi.dll
0x00007ff9535e0000 - 0x00007ff953772000 	C:\Windows\SYSTEM32\dbghelp.dll

VM Arguments:
jvm_args: -Dfile.encoding=UTF-8 
java_command: Common.Application
java_class_path (initial): C:\Program Files\Java\jdk1.8.0_102\db\lib\derby.jar;C:\Program Files\Java\jdk1.8.0_102\db\lib\derbyclient.jar;C:\Program Files\Java\jdk1.8.0_102\db\lib\derbynet.jar;C:\Users\Owner\Documents\GitHub\CS321-Group\TeamOneProject\build\classes
Launcher Type: SUN_STANDARD

Environment Variables:
PATH=C:\ProgramData\Oracle\Java\javapath;C:\Windows\system32;C:\Windows;C:\Windows\System32\Wbem;C:\Windows\System32\WindowsPowerShell\v1.0\;C:\Program Files (x86)\NVIDIA Corporation\PhysX\Common;C:\Windows\system32\config\systemprofile\.dnx\bin;C:\Program Files\Microsoft DNX\Dnvm\;C:\Program Files (x86)\Windows Kits\8.1\Windows Performance Toolkit\;C:\Program Files\Microsoft SQL Server\120\Tools\Binn\;C:\Program Files\Microsoft SQL Server\130\Tools\Binn\;C:\Program Files\Git\cmd;C:\Users\Owner\AppData\Local\Microsoft\WindowsApps;
USERNAME=Owner
OS=Windows_NT
PROCESSOR_IDENTIFIER=Intel64 Family 6 Model 42 Stepping 7, GenuineIntel



---------------  S Y S T E M  ---------------

OS: Windows 10.0 , 64 bit Build 14393 (10.0.14393.0)

CPU:total 4 (4 cores per cpu, 1 threads per core) family 6 model 42 stepping 7, cmov, cx8, fxsr, mmx, sse, sse2, sse3, ssse3, sse4.1, sse4.2, popcnt, avx, aes, clmul, tsc, tscinvbit

Memory: 4k page, physical 16756928k(11153840k free), swap 19247296k(12247244k free)

vm_info: Java HotSpot(TM) 64-Bit Server VM (25.102-b14) for windows-amd64 JRE (1.8.0_102-b14), built on Jun 22 2016 13:15:21 by "java_re" with MS VC++ 10.0 (VS2010)

time: Sun Nov 13 13:54:08 2016
elapsed time: 0 seconds (0d 0h 0m 0s)

